c:\users\ja053157\desktop\libharu\lpng1637\projects\vstudio\x64\debug\libpng16.bsc
c:\users\ja053157\desktop\libharu\lpng1637\projects\vstudio\libpng\x64\debug\libpng16.pch
c:\users\ja053157\desktop\libharu\lpng1637\projects\vstudio\libpng\x64\debug\vc142.pdb
c:\users\ja053157\desktop\libharu\lpng1637\projects\vstudio\libpng\x64\debug\png.sbr
c:\users\ja053157\desktop\libharu\lpng1637\projects\vstudio\libpng\x64\debug\png.obj
c:\users\ja053157\desktop\libharu\lpng1637\projects\vstudio\libpng\x64\debug\pngerror.sbr
c:\users\ja053157\desktop\libharu\lpng1637\projects\vstudio\libpng\x64\debug\pngget.sbr
c:\users\ja053157\desktop\libharu\lpng1637\projects\vstudio\libpng\x64\debug\pngmem.sbr
c:\users\ja053157\desktop\libharu\lpng1637\projects\vstudio\libpng\x64\debug\pngpread.sbr
c:\users\ja053157\desktop\libharu\lpng1637\projects\vstudio\libpng\x64\debug\pngread.sbr
c:\users\ja053157\desktop\libharu\lpng1637\projects\vstudio\libpng\x64\debug\pngrio.sbr
c:\users\ja053157\desktop\libharu\lpng1637\projects\vstudio\libpng\x64\debug\pngrtran.sbr
c:\users\ja053157\desktop\libharu\lpng1637\projects\vstudio\libpng\x64\debug\pngrutil.sbr
c:\users\ja053157\desktop\libharu\lpng1637\projects\vstudio\libpng\x64\debug\pngset.sbr
c:\users\ja053157\desktop\libharu\lpng1637\projects\vstudio\libpng\x64\debug\pngtrans.sbr
c:\users\ja053157\desktop\libharu\lpng1637\projects\vstudio\libpng\x64\debug\pngwio.sbr
c:\users\ja053157\desktop\libharu\lpng1637\projects\vstudio\libpng\x64\debug\pngwrite.sbr
c:\users\ja053157\desktop\libharu\lpng1637\projects\vstudio\libpng\x64\debug\pngwtran.sbr
c:\users\ja053157\desktop\libharu\lpng1637\projects\vstudio\libpng\x64\debug\pngwutil.sbr
c:\users\ja053157\desktop\libharu\lpng1637\projects\vstudio\libpng\x64\debug\pngwutil.obj
c:\users\ja053157\desktop\libharu\lpng1637\projects\vstudio\libpng\x64\debug\pngwtran.obj
c:\users\ja053157\desktop\libharu\lpng1637\projects\vstudio\libpng\x64\debug\pngwrite.obj
c:\users\ja053157\desktop\libharu\lpng1637\projects\vstudio\libpng\x64\debug\pngwio.obj
c:\users\ja053157\desktop\libharu\lpng1637\projects\vstudio\libpng\x64\debug\pngtrans.obj
c:\users\ja053157\desktop\libharu\lpng1637\projects\vstudio\libpng\x64\debug\pngset.obj
c:\users\ja053157\desktop\libharu\lpng1637\projects\vstudio\libpng\x64\debug\pngrutil.obj
c:\users\ja053157\desktop\libharu\lpng1637\projects\vstudio\libpng\x64\debug\pngrtran.obj
c:\users\ja053157\desktop\libharu\lpng1637\projects\vstudio\libpng\x64\debug\pngrio.obj
c:\users\ja053157\desktop\libharu\lpng1637\projects\vstudio\libpng\x64\debug\pngread.obj
c:\users\ja053157\desktop\libharu\lpng1637\projects\vstudio\libpng\x64\debug\pngpread.obj
c:\users\ja053157\desktop\libharu\lpng1637\projects\vstudio\libpng\x64\debug\pngmem.obj
c:\users\ja053157\desktop\libharu\lpng1637\projects\vstudio\libpng\x64\debug\pngget.obj
c:\users\ja053157\desktop\libharu\lpng1637\projects\vstudio\libpng\x64\debug\pngerror.obj
c:\users\ja053157\desktop\libharu\lpng1637\projects\vstudio\x64\debug\libpng16.lib
c:\users\ja053157\desktop\libharu\lpng1637\projects\vstudio\x64\debug\libpng16.exp
c:\users\ja053157\desktop\libharu\lpng1637\projects\vstudio\x64\debug\libpng16.ipdb
c:\users\ja053157\desktop\libharu\lpng1637\projects\vstudio\x64\debug\libpng16.iobj
c:\users\ja053157\desktop\libharu\lpng1637\projects\vstudio\x64\debug\libpng16.dll
c:\users\ja053157\desktop\libharu\lpng1637\projects\vstudio\x64\debug\libpng16.pdb
c:\users\ja053157\desktop\libharu\lpng1637\projects\vstudio\libpng\x64\debug\pngwin.res
c:\users\ja053157\■workspace\dev\libharu\lpng1637\projects\vstudio\libpng\x64\debug\png.obj
c:\users\ja053157\■workspace\dev\libharu\lpng1637\projects\vstudio\libpng\x64\debug\pngerror.obj
c:\users\ja053157\■workspace\dev\libharu\lpng1637\projects\vstudio\libpng\x64\debug\pngget.obj
c:\users\ja053157\■workspace\dev\libharu\lpng1637\projects\vstudio\libpng\x64\debug\pngmem.obj
c:\users\ja053157\■workspace\dev\libharu\lpng1637\projects\vstudio\libpng\x64\debug\pngpread.obj
c:\users\ja053157\■workspace\dev\libharu\lpng1637\projects\vstudio\libpng\x64\debug\pngread.obj
c:\users\ja053157\■workspace\dev\libharu\lpng1637\projects\vstudio\libpng\x64\debug\pngrio.obj
c:\users\ja053157\■workspace\dev\libharu\lpng1637\projects\vstudio\libpng\x64\debug\pngrtran.obj
c:\users\ja053157\■workspace\dev\libharu\lpng1637\projects\vstudio\libpng\x64\debug\pngrutil.obj
c:\users\ja053157\■workspace\dev\libharu\lpng1637\projects\vstudio\libpng\x64\debug\pngset.obj
c:\users\ja053157\■workspace\dev\libharu\lpng1637\projects\vstudio\libpng\x64\debug\pngtrans.obj
c:\users\ja053157\■workspace\dev\libharu\lpng1637\projects\vstudio\libpng\x64\debug\pngwio.obj
c:\users\ja053157\■workspace\dev\libharu\lpng1637\projects\vstudio\libpng\x64\debug\pngwrite.obj
c:\users\ja053157\■workspace\dev\libharu\lpng1637\projects\vstudio\libpng\x64\debug\pngwtran.obj
c:\users\ja053157\■workspace\dev\libharu\lpng1637\projects\vstudio\libpng\x64\debug\pngwutil.obj
c:\users\ja053157\■workspace\dev\libharu\lpng1637\projects\vstudio\libpng\x64\debug\pngwin.res
c:\users\ja053157\■workspace\dev\libharu\lpng1637\projects\vstudio\libpng\x64\debug\libpng16.pch
c:\users\ja053157\■workspace\dev\libharu\lpng1637\projects\vstudio\libpng\x64\debug\vc142.pdb
c:\users\ja053157\■workspace\dev\libharu\lpng1637\projects\vstudio\libpng\x64\debug\png.sbr
c:\users\ja053157\■workspace\dev\libharu\lpng1637\projects\vstudio\libpng\x64\debug\pngerror.sbr
c:\users\ja053157\■workspace\dev\libharu\lpng1637\projects\vstudio\libpng\x64\debug\pngget.sbr
c:\users\ja053157\■workspace\dev\libharu\lpng1637\projects\vstudio\libpng\x64\debug\pngmem.sbr
c:\users\ja053157\■workspace\dev\libharu\lpng1637\projects\vstudio\libpng\x64\debug\pngpread.sbr
c:\users\ja053157\■workspace\dev\libharu\lpng1637\projects\vstudio\libpng\x64\debug\pngread.sbr
c:\users\ja053157\■workspace\dev\libharu\lpng1637\projects\vstudio\libpng\x64\debug\pngrio.sbr
c:\users\ja053157\■workspace\dev\libharu\lpng1637\projects\vstudio\libpng\x64\debug\pngrtran.sbr
c:\users\ja053157\■workspace\dev\libharu\lpng1637\projects\vstudio\libpng\x64\debug\pngrutil.sbr
c:\users\ja053157\■workspace\dev\libharu\lpng1637\projects\vstudio\libpng\x64\debug\pngset.sbr
c:\users\ja053157\■workspace\dev\libharu\lpng1637\projects\vstudio\libpng\x64\debug\pngtrans.sbr
c:\users\ja053157\■workspace\dev\libharu\lpng1637\projects\vstudio\libpng\x64\debug\pngwio.sbr
c:\users\ja053157\■workspace\dev\libharu\lpng1637\projects\vstudio\libpng\x64\debug\pngwrite.sbr
c:\users\ja053157\■workspace\dev\libharu\lpng1637\projects\vstudio\libpng\x64\debug\pngwtran.sbr
c:\users\ja053157\■workspace\dev\libharu\lpng1637\projects\vstudio\libpng\x64\debug\pngwutil.sbr
c:\users\ja053157\■workspace\dev\libharu\lpng1637\projects\vstudio\x64\debug\libpng16.pdb
c:\users\ja053157\■workspace\dev\libharu\lpng1637\projects\vstudio\x64\debug\libpng16.dll
c:\users\ja053157\■workspace\dev\libharu\lpng1637\projects\vstudio\x64\debug\libpng16.bsc
c:\users\ja053157\■workspace\dev\libharu\lpng1637\projects\vstudio\libpng\x64\debug\libpng.tlog\bscmake.command.1.tlog
c:\users\ja053157\■workspace\dev\libharu\lpng1637\projects\vstudio\libpng\x64\debug\libpng.tlog\bscmake.read.1.tlog
c:\users\ja053157\■workspace\dev\libharu\lpng1637\projects\vstudio\libpng\x64\debug\libpng.tlog\bscmake.write.1.tlog
c:\users\ja053157\■workspace\dev\libharu\lpng1637\projects\vstudio\libpng\x64\debug\libpng.tlog\cl.command.1.tlog
c:\users\ja053157\■workspace\dev\libharu\lpng1637\projects\vstudio\libpng\x64\debug\libpng.tlog\cl.read.1.tlog
c:\users\ja053157\■workspace\dev\libharu\lpng1637\projects\vstudio\libpng\x64\debug\libpng.tlog\cl.write.1.tlog
c:\users\ja053157\■workspace\dev\libharu\lpng1637\projects\vstudio\libpng\x64\debug\libpng.tlog\libpng.write.1u.tlog
c:\users\ja053157\■workspace\dev\libharu\lpng1637\projects\vstudio\libpng\x64\debug\libpng.tlog\link.command.1.tlog
c:\users\ja053157\■workspace\dev\libharu\lpng1637\projects\vstudio\libpng\x64\debug\libpng.tlog\link.read.1.tlog
c:\users\ja053157\■workspace\dev\libharu\lpng1637\projects\vstudio\libpng\x64\debug\libpng.tlog\link.write.1.tlog
c:\users\ja053157\■workspace\dev\libharu\lpng1637\projects\vstudio\libpng\x64\debug\libpng.tlog\rc.command.1.tlog
c:\users\ja053157\■workspace\dev\libharu\lpng1637\projects\vstudio\libpng\x64\debug\libpng.tlog\rc.read.1.tlog
c:\users\ja053157\■workspace\dev\libharu\lpng1637\projects\vstudio\libpng\x64\debug\libpng.tlog\rc.write.1.tlog
