c:\users\ja053157\■workspace\dev\libharu\lpng1637\projects\vstudio\x64\debug library\zlib.bsc
c:\users\ja053157\■workspace\dev\libharu\lpng1637\projects\vstudio\zlib\x64\debug library\zlib.pdb
c:\users\ja053157\■workspace\dev\libharu\lpng1637\projects\vstudio\zlib\x64\debug library\adler32.sbr
c:\users\ja053157\■workspace\dev\libharu\lpng1637\projects\vstudio\zlib\x64\debug library\compress.sbr
c:\users\ja053157\■workspace\dev\libharu\lpng1637\projects\vstudio\zlib\x64\debug library\crc32.sbr
c:\users\ja053157\■workspace\dev\libharu\lpng1637\projects\vstudio\zlib\x64\debug library\deflate.sbr
c:\users\ja053157\■workspace\dev\libharu\lpng1637\projects\vstudio\zlib\x64\debug library\infback.sbr
c:\users\ja053157\■workspace\dev\libharu\lpng1637\projects\vstudio\zlib\x64\debug library\inffast.sbr
c:\users\ja053157\■workspace\dev\libharu\lpng1637\projects\vstudio\zlib\x64\debug library\inflate.sbr
c:\users\ja053157\■workspace\dev\libharu\lpng1637\projects\vstudio\zlib\x64\debug library\inftrees.sbr
c:\users\ja053157\■workspace\dev\libharu\lpng1637\projects\vstudio\zlib\x64\debug library\trees.sbr
c:\users\ja053157\■workspace\dev\libharu\lpng1637\projects\vstudio\zlib\x64\debug library\uncompr.sbr
c:\users\ja053157\■workspace\dev\libharu\lpng1637\projects\vstudio\zlib\x64\debug library\zutil.sbr
c:\users\ja053157\■workspace\dev\libharu\lpng1637\projects\vstudio\zlib\x64\debug library\zutil.obj
c:\users\ja053157\■workspace\dev\libharu\lpng1637\projects\vstudio\zlib\x64\debug library\uncompr.obj
c:\users\ja053157\■workspace\dev\libharu\lpng1637\projects\vstudio\zlib\x64\debug library\trees.obj
c:\users\ja053157\■workspace\dev\libharu\lpng1637\projects\vstudio\zlib\x64\debug library\inftrees.obj
c:\users\ja053157\■workspace\dev\libharu\lpng1637\projects\vstudio\zlib\x64\debug library\inflate.obj
c:\users\ja053157\■workspace\dev\libharu\lpng1637\projects\vstudio\zlib\x64\debug library\inffast.obj
c:\users\ja053157\■workspace\dev\libharu\lpng1637\projects\vstudio\zlib\x64\debug library\infback.obj
c:\users\ja053157\■workspace\dev\libharu\lpng1637\projects\vstudio\zlib\x64\debug library\deflate.obj
c:\users\ja053157\■workspace\dev\libharu\lpng1637\projects\vstudio\zlib\x64\debug library\crc32.obj
c:\users\ja053157\■workspace\dev\libharu\lpng1637\projects\vstudio\zlib\x64\debug library\compress.obj
c:\users\ja053157\■workspace\dev\libharu\lpng1637\projects\vstudio\zlib\x64\debug library\adler32.obj
c:\users\ja053157\■workspace\dev\libharu\lpng1637\projects\vstudio\x64\debug library\zlib.lib
c:\users\ja053157\■workspace\dev\libharu\lpng1637\projects\vstudio\zlib\x64\debug library\zlib.tlog\bscmake.command.1.tlog
c:\users\ja053157\■workspace\dev\libharu\lpng1637\projects\vstudio\zlib\x64\debug library\zlib.tlog\bscmake.read.1.tlog
c:\users\ja053157\■workspace\dev\libharu\lpng1637\projects\vstudio\zlib\x64\debug library\zlib.tlog\bscmake.write.1.tlog
c:\users\ja053157\■workspace\dev\libharu\lpng1637\projects\vstudio\zlib\x64\debug library\zlib.tlog\cl.command.1.tlog
c:\users\ja053157\■workspace\dev\libharu\lpng1637\projects\vstudio\zlib\x64\debug library\zlib.tlog\cl.read.1.tlog
c:\users\ja053157\■workspace\dev\libharu\lpng1637\projects\vstudio\zlib\x64\debug library\zlib.tlog\cl.write.1.tlog
c:\users\ja053157\■workspace\dev\libharu\lpng1637\projects\vstudio\zlib\x64\debug library\zlib.tlog\lib-link.write.1.tlog
c:\users\ja053157\■workspace\dev\libharu\lpng1637\projects\vstudio\zlib\x64\debug library\zlib.tlog\lib.command.1.tlog
c:\users\ja053157\■workspace\dev\libharu\lpng1637\projects\vstudio\zlib\x64\debug library\zlib.tlog\lib.read.1.tlog
