c:\users\ja053157\desktop\libharu\lpng1637\projects\vstudio\x64\debug\zlib.bsc
c:\users\ja053157\desktop\libharu\lpng1637\projects\vstudio\zlib\x64\debug\zlib.pdb
c:\users\ja053157\desktop\libharu\lpng1637\projects\vstudio\zlib\x64\debug\adler32.sbr
c:\users\ja053157\desktop\libharu\lpng1637\projects\vstudio\zlib\x64\debug\compress.sbr
c:\users\ja053157\desktop\libharu\lpng1637\projects\vstudio\zlib\x64\debug\crc32.sbr
c:\users\ja053157\desktop\libharu\lpng1637\projects\vstudio\zlib\x64\debug\deflate.sbr
c:\users\ja053157\desktop\libharu\lpng1637\projects\vstudio\zlib\x64\debug\infback.sbr
c:\users\ja053157\desktop\libharu\lpng1637\projects\vstudio\zlib\x64\debug\inffast.sbr
c:\users\ja053157\desktop\libharu\lpng1637\projects\vstudio\zlib\x64\debug\inflate.sbr
c:\users\ja053157\desktop\libharu\lpng1637\projects\vstudio\zlib\x64\debug\inftrees.sbr
c:\users\ja053157\desktop\libharu\lpng1637\projects\vstudio\zlib\x64\debug\trees.sbr
c:\users\ja053157\desktop\libharu\lpng1637\projects\vstudio\zlib\x64\debug\uncompr.sbr
c:\users\ja053157\desktop\libharu\lpng1637\projects\vstudio\zlib\x64\debug\zutil.sbr
c:\users\ja053157\desktop\libharu\lpng1637\projects\vstudio\zlib\x64\debug\zutil.obj
c:\users\ja053157\desktop\libharu\lpng1637\projects\vstudio\zlib\x64\debug\uncompr.obj
c:\users\ja053157\desktop\libharu\lpng1637\projects\vstudio\zlib\x64\debug\trees.obj
c:\users\ja053157\desktop\libharu\lpng1637\projects\vstudio\zlib\x64\debug\inftrees.obj
c:\users\ja053157\desktop\libharu\lpng1637\projects\vstudio\zlib\x64\debug\inflate.obj
c:\users\ja053157\desktop\libharu\lpng1637\projects\vstudio\zlib\x64\debug\inffast.obj
c:\users\ja053157\desktop\libharu\lpng1637\projects\vstudio\zlib\x64\debug\infback.obj
c:\users\ja053157\desktop\libharu\lpng1637\projects\vstudio\zlib\x64\debug\deflate.obj
c:\users\ja053157\desktop\libharu\lpng1637\projects\vstudio\zlib\x64\debug\crc32.obj
c:\users\ja053157\desktop\libharu\lpng1637\projects\vstudio\zlib\x64\debug\compress.obj
c:\users\ja053157\desktop\libharu\lpng1637\projects\vstudio\zlib\x64\debug\adler32.obj
c:\users\ja053157\desktop\libharu\lpng1637\projects\vstudio\x64\debug\zlib.lib
c:\users\ja053157\■workspace\dev\libharu\lpng1637\projects\vstudio\zlib\x64\debug\adler32.obj
c:\users\ja053157\■workspace\dev\libharu\lpng1637\projects\vstudio\zlib\x64\debug\compress.obj
c:\users\ja053157\■workspace\dev\libharu\lpng1637\projects\vstudio\zlib\x64\debug\crc32.obj
c:\users\ja053157\■workspace\dev\libharu\lpng1637\projects\vstudio\zlib\x64\debug\deflate.obj
c:\users\ja053157\■workspace\dev\libharu\lpng1637\projects\vstudio\zlib\x64\debug\infback.obj
c:\users\ja053157\■workspace\dev\libharu\lpng1637\projects\vstudio\zlib\x64\debug\inffast.obj
c:\users\ja053157\■workspace\dev\libharu\lpng1637\projects\vstudio\zlib\x64\debug\inflate.obj
c:\users\ja053157\■workspace\dev\libharu\lpng1637\projects\vstudio\zlib\x64\debug\inftrees.obj
c:\users\ja053157\■workspace\dev\libharu\lpng1637\projects\vstudio\zlib\x64\debug\trees.obj
c:\users\ja053157\■workspace\dev\libharu\lpng1637\projects\vstudio\zlib\x64\debug\uncompr.obj
c:\users\ja053157\■workspace\dev\libharu\lpng1637\projects\vstudio\zlib\x64\debug\zutil.obj
c:\users\ja053157\■workspace\dev\libharu\lpng1637\projects\vstudio\zlib\x64\debug\zlib.pdb
c:\users\ja053157\■workspace\dev\libharu\lpng1637\projects\vstudio\zlib\x64\debug\adler32.sbr
c:\users\ja053157\■workspace\dev\libharu\lpng1637\projects\vstudio\zlib\x64\debug\compress.sbr
c:\users\ja053157\■workspace\dev\libharu\lpng1637\projects\vstudio\zlib\x64\debug\crc32.sbr
c:\users\ja053157\■workspace\dev\libharu\lpng1637\projects\vstudio\zlib\x64\debug\deflate.sbr
c:\users\ja053157\■workspace\dev\libharu\lpng1637\projects\vstudio\zlib\x64\debug\infback.sbr
c:\users\ja053157\■workspace\dev\libharu\lpng1637\projects\vstudio\zlib\x64\debug\inffast.sbr
c:\users\ja053157\■workspace\dev\libharu\lpng1637\projects\vstudio\zlib\x64\debug\inflate.sbr
c:\users\ja053157\■workspace\dev\libharu\lpng1637\projects\vstudio\zlib\x64\debug\inftrees.sbr
c:\users\ja053157\■workspace\dev\libharu\lpng1637\projects\vstudio\zlib\x64\debug\trees.sbr
c:\users\ja053157\■workspace\dev\libharu\lpng1637\projects\vstudio\zlib\x64\debug\uncompr.sbr
c:\users\ja053157\■workspace\dev\libharu\lpng1637\projects\vstudio\zlib\x64\debug\zutil.sbr
c:\users\ja053157\■workspace\dev\libharu\lpng1637\projects\vstudio\x64\debug\zlib.pdb
c:\users\ja053157\■workspace\dev\libharu\lpng1637\projects\vstudio\x64\debug\zlib.lib
c:\users\ja053157\■workspace\dev\libharu\lpng1637\projects\vstudio\x64\debug\zlib.bsc
c:\users\ja053157\■workspace\dev\libharu\lpng1637\projects\vstudio\zlib\x64\debug\zlib.tlog\bscmake.command.1.tlog
c:\users\ja053157\■workspace\dev\libharu\lpng1637\projects\vstudio\zlib\x64\debug\zlib.tlog\bscmake.read.1.tlog
c:\users\ja053157\■workspace\dev\libharu\lpng1637\projects\vstudio\zlib\x64\debug\zlib.tlog\bscmake.write.1.tlog
c:\users\ja053157\■workspace\dev\libharu\lpng1637\projects\vstudio\zlib\x64\debug\zlib.tlog\cl.command.1.tlog
c:\users\ja053157\■workspace\dev\libharu\lpng1637\projects\vstudio\zlib\x64\debug\zlib.tlog\cl.read.1.tlog
c:\users\ja053157\■workspace\dev\libharu\lpng1637\projects\vstudio\zlib\x64\debug\zlib.tlog\cl.write.1.tlog
c:\users\ja053157\■workspace\dev\libharu\lpng1637\projects\vstudio\zlib\x64\debug\zlib.tlog\lib-link.write.1.tlog
c:\users\ja053157\■workspace\dev\libharu\lpng1637\projects\vstudio\zlib\x64\debug\zlib.tlog\lib.command.1.tlog
c:\users\ja053157\■workspace\dev\libharu\lpng1637\projects\vstudio\zlib\x64\debug\zlib.tlog\lib.read.1.tlog
