c:\users\ja053157\■workspace\dev\libharu\lpng1637\projects\vstudio\x64\release\libpng16.bsc
c:\users\ja053157\■workspace\dev\libharu\lpng1637\projects\vstudio\libpng\x64\release\libpng16.pch
c:\users\ja053157\■workspace\dev\libharu\lpng1637\projects\vstudio\libpng\x64\release\vc142.pdb
c:\users\ja053157\■workspace\dev\libharu\lpng1637\projects\vstudio\libpng\x64\release\png.sbr
c:\users\ja053157\■workspace\dev\libharu\lpng1637\projects\vstudio\libpng\x64\release\png.obj
c:\users\ja053157\■workspace\dev\libharu\lpng1637\projects\vstudio\libpng\x64\release\pngerror.sbr
c:\users\ja053157\■workspace\dev\libharu\lpng1637\projects\vstudio\libpng\x64\release\pngget.sbr
c:\users\ja053157\■workspace\dev\libharu\lpng1637\projects\vstudio\libpng\x64\release\pngmem.sbr
c:\users\ja053157\■workspace\dev\libharu\lpng1637\projects\vstudio\libpng\x64\release\pngpread.sbr
c:\users\ja053157\■workspace\dev\libharu\lpng1637\projects\vstudio\libpng\x64\release\pngread.sbr
c:\users\ja053157\■workspace\dev\libharu\lpng1637\projects\vstudio\libpng\x64\release\pngrio.sbr
c:\users\ja053157\■workspace\dev\libharu\lpng1637\projects\vstudio\libpng\x64\release\pngrtran.sbr
c:\users\ja053157\■workspace\dev\libharu\lpng1637\projects\vstudio\libpng\x64\release\pngrutil.sbr
c:\users\ja053157\■workspace\dev\libharu\lpng1637\projects\vstudio\libpng\x64\release\pngset.sbr
c:\users\ja053157\■workspace\dev\libharu\lpng1637\projects\vstudio\libpng\x64\release\pngtrans.sbr
c:\users\ja053157\■workspace\dev\libharu\lpng1637\projects\vstudio\libpng\x64\release\pngwio.sbr
c:\users\ja053157\■workspace\dev\libharu\lpng1637\projects\vstudio\libpng\x64\release\pngwrite.sbr
c:\users\ja053157\■workspace\dev\libharu\lpng1637\projects\vstudio\libpng\x64\release\pngwtran.sbr
c:\users\ja053157\■workspace\dev\libharu\lpng1637\projects\vstudio\libpng\x64\release\pngwutil.sbr
c:\users\ja053157\■workspace\dev\libharu\lpng1637\projects\vstudio\libpng\x64\release\pngwutil.obj
c:\users\ja053157\■workspace\dev\libharu\lpng1637\projects\vstudio\libpng\x64\release\pngwtran.obj
c:\users\ja053157\■workspace\dev\libharu\lpng1637\projects\vstudio\libpng\x64\release\pngwrite.obj
c:\users\ja053157\■workspace\dev\libharu\lpng1637\projects\vstudio\libpng\x64\release\pngwio.obj
c:\users\ja053157\■workspace\dev\libharu\lpng1637\projects\vstudio\libpng\x64\release\pngtrans.obj
c:\users\ja053157\■workspace\dev\libharu\lpng1637\projects\vstudio\libpng\x64\release\pngset.obj
c:\users\ja053157\■workspace\dev\libharu\lpng1637\projects\vstudio\libpng\x64\release\pngrutil.obj
c:\users\ja053157\■workspace\dev\libharu\lpng1637\projects\vstudio\libpng\x64\release\pngrtran.obj
c:\users\ja053157\■workspace\dev\libharu\lpng1637\projects\vstudio\libpng\x64\release\pngrio.obj
c:\users\ja053157\■workspace\dev\libharu\lpng1637\projects\vstudio\libpng\x64\release\pngread.obj
c:\users\ja053157\■workspace\dev\libharu\lpng1637\projects\vstudio\libpng\x64\release\pngpread.obj
c:\users\ja053157\■workspace\dev\libharu\lpng1637\projects\vstudio\libpng\x64\release\pngmem.obj
c:\users\ja053157\■workspace\dev\libharu\lpng1637\projects\vstudio\libpng\x64\release\pngget.obj
c:\users\ja053157\■workspace\dev\libharu\lpng1637\projects\vstudio\libpng\x64\release\pngerror.obj
c:\users\ja053157\■workspace\dev\libharu\lpng1637\projects\vstudio\x64\release\libpng16.lib
c:\users\ja053157\■workspace\dev\libharu\lpng1637\projects\vstudio\x64\release\libpng16.exp
c:\users\ja053157\■workspace\dev\libharu\lpng1637\projects\vstudio\x64\release\libpng16.ipdb
c:\users\ja053157\■workspace\dev\libharu\lpng1637\projects\vstudio\x64\release\libpng16.iobj
c:\users\ja053157\■workspace\dev\libharu\lpng1637\projects\vstudio\x64\release\libpng16.dll
c:\users\ja053157\■workspace\dev\libharu\lpng1637\projects\vstudio\x64\release\libpng16.pdb
c:\users\ja053157\■workspace\dev\libharu\lpng1637\projects\vstudio\libpng\x64\release\pngwin.res
c:\users\ja053157\■workspace\dev\libharu\lpng1637\projects\vstudio\libpng\x64\release\libpng.tlog\bscmake.command.1.tlog
c:\users\ja053157\■workspace\dev\libharu\lpng1637\projects\vstudio\libpng\x64\release\libpng.tlog\bscmake.read.1.tlog
c:\users\ja053157\■workspace\dev\libharu\lpng1637\projects\vstudio\libpng\x64\release\libpng.tlog\bscmake.write.1.tlog
c:\users\ja053157\■workspace\dev\libharu\lpng1637\projects\vstudio\libpng\x64\release\libpng.tlog\cl.command.1.tlog
c:\users\ja053157\■workspace\dev\libharu\lpng1637\projects\vstudio\libpng\x64\release\libpng.tlog\cl.read.1.tlog
c:\users\ja053157\■workspace\dev\libharu\lpng1637\projects\vstudio\libpng\x64\release\libpng.tlog\cl.write.1.tlog
c:\users\ja053157\■workspace\dev\libharu\lpng1637\projects\vstudio\libpng\x64\release\libpng.tlog\libpng.write.1u.tlog
c:\users\ja053157\■workspace\dev\libharu\lpng1637\projects\vstudio\libpng\x64\release\libpng.tlog\link.command.1.tlog
c:\users\ja053157\■workspace\dev\libharu\lpng1637\projects\vstudio\libpng\x64\release\libpng.tlog\link.read.1.tlog
c:\users\ja053157\■workspace\dev\libharu\lpng1637\projects\vstudio\libpng\x64\release\libpng.tlog\link.write.1.tlog
c:\users\ja053157\■workspace\dev\libharu\lpng1637\projects\vstudio\libpng\x64\release\libpng.tlog\rc.command.1.tlog
c:\users\ja053157\■workspace\dev\libharu\lpng1637\projects\vstudio\libpng\x64\release\libpng.tlog\rc.read.1.tlog
c:\users\ja053157\■workspace\dev\libharu\lpng1637\projects\vstudio\libpng\x64\release\libpng.tlog\rc.write.1.tlog
