c:\users\ja053157\desktop\libharu\lpng1637\projects\vstudio\x64\debug\pngunknown.bsc
c:\users\ja053157\desktop\libharu\lpng1637\projects\vstudio\pngunknown\x64\debug\vc142.pdb
c:\users\ja053157\desktop\libharu\lpng1637\projects\vstudio\pngunknown\x64\debug\pngunknown.sbr
c:\users\ja053157\desktop\libharu\lpng1637\projects\vstudio\pngunknown\x64\debug\pngunknown.obj
c:\users\ja053157\desktop\libharu\lpng1637\projects\vstudio\pngunknown\x64\debug\pngunknown.out
c:\users\ja053157\desktop\libharu\lpng1637\projects\vstudio\x64\debug\pngunknown.exe
c:\users\ja053157\desktop\libharu\lpng1637\projects\vstudio\x64\debug\pngunknown.pdb
c:\users\ja053157\■workspace\dev\libharu\lpng1637\projects\vstudio\pngunknown\x64\debug\pngunknown.obj
c:\users\ja053157\■workspace\dev\libharu\lpng1637\projects\vstudio\pngunknown\x64\debug\vc142.pdb
c:\users\ja053157\■workspace\dev\libharu\lpng1637\projects\vstudio\pngunknown\x64\debug\pngunknown.sbr
c:\users\ja053157\■workspace\dev\libharu\lpng1637\projects\vstudio\x64\debug\pngunknown.pdb
c:\users\ja053157\■workspace\dev\libharu\lpng1637\projects\vstudio\x64\debug\pngunknown.exe
c:\users\ja053157\■workspace\dev\libharu\lpng1637\projects\vstudio\x64\debug\pngunknown.bsc
c:\users\ja053157\■workspace\dev\libharu\lpng1637\projects\vstudio\pngunknown\x64\debug\pngunknown.tlog\bscmake.command.1.tlog
c:\users\ja053157\■workspace\dev\libharu\lpng1637\projects\vstudio\pngunknown\x64\debug\pngunknown.tlog\bscmake.read.1.tlog
c:\users\ja053157\■workspace\dev\libharu\lpng1637\projects\vstudio\pngunknown\x64\debug\pngunknown.tlog\bscmake.write.1.tlog
c:\users\ja053157\■workspace\dev\libharu\lpng1637\projects\vstudio\pngunknown\x64\debug\pngunknown.tlog\cl.command.1.tlog
c:\users\ja053157\■workspace\dev\libharu\lpng1637\projects\vstudio\pngunknown\x64\debug\pngunknown.tlog\cl.read.1.tlog
c:\users\ja053157\■workspace\dev\libharu\lpng1637\projects\vstudio\pngunknown\x64\debug\pngunknown.tlog\cl.write.1.tlog
c:\users\ja053157\■workspace\dev\libharu\lpng1637\projects\vstudio\pngunknown\x64\debug\pngunknown.tlog\custombuildstep.read.1u.tlog
c:\users\ja053157\■workspace\dev\libharu\lpng1637\projects\vstudio\pngunknown\x64\debug\pngunknown.tlog\custombuildstep.write.1u.tlog
c:\users\ja053157\■workspace\dev\libharu\lpng1637\projects\vstudio\pngunknown\x64\debug\pngunknown.tlog\link.command.1.tlog
c:\users\ja053157\■workspace\dev\libharu\lpng1637\projects\vstudio\pngunknown\x64\debug\pngunknown.tlog\link.read.1.tlog
c:\users\ja053157\■workspace\dev\libharu\lpng1637\projects\vstudio\pngunknown\x64\debug\pngunknown.tlog\link.write.1.tlog
