c:\users\ja053157\■workspace\dev\libharu\lpng1637\projects\vstudio\x64\debug library\libpng16.bsc
c:\users\ja053157\■workspace\dev\libharu\lpng1637\projects\vstudio\libpng\x64\debug library\libpng16.pch
c:\users\ja053157\■workspace\dev\libharu\lpng1637\projects\vstudio\libpng\x64\debug library\libpng.pdb
c:\users\ja053157\■workspace\dev\libharu\lpng1637\projects\vstudio\libpng\x64\debug library\png.sbr
c:\users\ja053157\■workspace\dev\libharu\lpng1637\projects\vstudio\libpng\x64\debug library\png.obj
c:\users\ja053157\■workspace\dev\libharu\lpng1637\projects\vstudio\libpng\x64\debug library\pngerror.sbr
c:\users\ja053157\■workspace\dev\libharu\lpng1637\projects\vstudio\libpng\x64\debug library\pngget.sbr
c:\users\ja053157\■workspace\dev\libharu\lpng1637\projects\vstudio\libpng\x64\debug library\pngmem.sbr
c:\users\ja053157\■workspace\dev\libharu\lpng1637\projects\vstudio\libpng\x64\debug library\pngpread.sbr
c:\users\ja053157\■workspace\dev\libharu\lpng1637\projects\vstudio\libpng\x64\debug library\pngread.sbr
c:\users\ja053157\■workspace\dev\libharu\lpng1637\projects\vstudio\libpng\x64\debug library\pngrio.sbr
c:\users\ja053157\■workspace\dev\libharu\lpng1637\projects\vstudio\libpng\x64\debug library\pngrtran.sbr
c:\users\ja053157\■workspace\dev\libharu\lpng1637\projects\vstudio\libpng\x64\debug library\pngrutil.sbr
c:\users\ja053157\■workspace\dev\libharu\lpng1637\projects\vstudio\libpng\x64\debug library\pngset.sbr
c:\users\ja053157\■workspace\dev\libharu\lpng1637\projects\vstudio\libpng\x64\debug library\pngtrans.sbr
c:\users\ja053157\■workspace\dev\libharu\lpng1637\projects\vstudio\libpng\x64\debug library\pngwio.sbr
c:\users\ja053157\■workspace\dev\libharu\lpng1637\projects\vstudio\libpng\x64\debug library\pngwrite.sbr
c:\users\ja053157\■workspace\dev\libharu\lpng1637\projects\vstudio\libpng\x64\debug library\pngwtran.sbr
c:\users\ja053157\■workspace\dev\libharu\lpng1637\projects\vstudio\libpng\x64\debug library\pngwutil.sbr
c:\users\ja053157\■workspace\dev\libharu\lpng1637\projects\vstudio\libpng\x64\debug library\pngwutil.obj
c:\users\ja053157\■workspace\dev\libharu\lpng1637\projects\vstudio\libpng\x64\debug library\pngwtran.obj
c:\users\ja053157\■workspace\dev\libharu\lpng1637\projects\vstudio\libpng\x64\debug library\pngwrite.obj
c:\users\ja053157\■workspace\dev\libharu\lpng1637\projects\vstudio\libpng\x64\debug library\pngwio.obj
c:\users\ja053157\■workspace\dev\libharu\lpng1637\projects\vstudio\libpng\x64\debug library\pngtrans.obj
c:\users\ja053157\■workspace\dev\libharu\lpng1637\projects\vstudio\libpng\x64\debug library\pngset.obj
c:\users\ja053157\■workspace\dev\libharu\lpng1637\projects\vstudio\libpng\x64\debug library\pngrutil.obj
c:\users\ja053157\■workspace\dev\libharu\lpng1637\projects\vstudio\libpng\x64\debug library\pngrtran.obj
c:\users\ja053157\■workspace\dev\libharu\lpng1637\projects\vstudio\libpng\x64\debug library\pngrio.obj
c:\users\ja053157\■workspace\dev\libharu\lpng1637\projects\vstudio\libpng\x64\debug library\pngread.obj
c:\users\ja053157\■workspace\dev\libharu\lpng1637\projects\vstudio\libpng\x64\debug library\pngpread.obj
c:\users\ja053157\■workspace\dev\libharu\lpng1637\projects\vstudio\libpng\x64\debug library\pngmem.obj
c:\users\ja053157\■workspace\dev\libharu\lpng1637\projects\vstudio\libpng\x64\debug library\pngget.obj
c:\users\ja053157\■workspace\dev\libharu\lpng1637\projects\vstudio\libpng\x64\debug library\pngerror.obj
c:\users\ja053157\■workspace\dev\libharu\lpng1637\projects\vstudio\x64\debug library\libpng16.lib
c:\users\ja053157\■workspace\dev\libharu\lpng1637\projects\vstudio\libpng\x64\debug library\libpng.tlog\bscmake.command.1.tlog
c:\users\ja053157\■workspace\dev\libharu\lpng1637\projects\vstudio\libpng\x64\debug library\libpng.tlog\bscmake.read.1.tlog
c:\users\ja053157\■workspace\dev\libharu\lpng1637\projects\vstudio\libpng\x64\debug library\libpng.tlog\bscmake.write.1.tlog
c:\users\ja053157\■workspace\dev\libharu\lpng1637\projects\vstudio\libpng\x64\debug library\libpng.tlog\cl.command.1.tlog
c:\users\ja053157\■workspace\dev\libharu\lpng1637\projects\vstudio\libpng\x64\debug library\libpng.tlog\cl.read.1.tlog
c:\users\ja053157\■workspace\dev\libharu\lpng1637\projects\vstudio\libpng\x64\debug library\libpng.tlog\cl.write.1.tlog
c:\users\ja053157\■workspace\dev\libharu\lpng1637\projects\vstudio\libpng\x64\debug library\libpng.tlog\lib-link.write.1.tlog
c:\users\ja053157\■workspace\dev\libharu\lpng1637\projects\vstudio\libpng\x64\debug library\libpng.tlog\lib.command.1.tlog
c:\users\ja053157\■workspace\dev\libharu\lpng1637\projects\vstudio\libpng\x64\debug library\libpng.tlog\lib.read.1.tlog
